<?xml version="1.0" encoding="UTF-8"?>
<!-- Generated by org.testng.reporters.JUnitReportReporter -->
<testsuite hostname="MacBook-de-Sebastian.local" failures="0" tests="1" name="vacunacion.VacunasAppTest" time="0.033" errors="0" timestamp="2021-07-26T17:52:39 PET" skipped="0">
  <testcase classname="vacunacion.VacunasAppTest" name="mainTest" time="0.033"/>
  <system-out/>
</testsuite> <!-- vacunacion.VacunasAppTest -->
